f:\project\激光振镜网口卡429\panel代码vs2010工程fpga\bin\stdafx.obj
f:\project\激光振镜网口卡429\panel代码vs2010工程fpga\bin\vc100.pdb
f:\project\激光振镜网口卡429\panel代码vs2010工程fpga\bin\eth0416sengine.obj
f:\project\激光振镜网口卡429\panel代码vs2010工程fpga\bin\eth0416s.obj
d:\project\激光振镜网口卡429\panel代码vs2010工程fpga\src\eth0416s\release\eth0416s.pch
d:\project\激光振镜网口卡429\panel代码vs2010工程fpga\bin\stdafx.obj
d:\project\激光振镜网口卡429\panel代码vs2010工程fpga\bin\vc100.pdb
d:\project\激光振镜网口卡429\panel代码vs2010工程fpga\bin\eth0416sengine.obj
d:\project\激光振镜网口卡429\panel代码vs2010工程fpga\bin\eth0416s.obj
f:\project\激光振镜网口卡429\panel代码vs2010工程fpga\bin\eth0416s.lib
f:\project\激光振镜网口卡429\panel代码vs2010工程fpga\bin\eth0416s.exp
d:\project\激光振镜网口卡429\panel代码vs2010工程fpga\bin\eth0416s.lib
d:\project\激光振镜网口卡429\panel代码vs2010工程fpga\bin\eth0416s.exp
f:\project\激光振镜网口卡429\panel代码vs2010工程fpga\bin\eth0416s.dll
f:\project\激光振镜网口卡429\panel代码vs2010工程fpga\bin\eth0416s.dll.intermediate.manifest
d:\project\激光振镜网口卡429\panel代码vs2010工程fpga\bin\eth0416s.dll
d:\project\激光振镜网口卡429\panel代码vs2010工程fpga\bin\eth0416s.dll.intermediate.manifest
f:\project\激光振镜网口卡429\panel代码vs2010工程fpga\bin\eth0416s.dll.embed.manifest
f:\project\激光振镜网口卡429\panel代码vs2010工程fpga\bin\eth0416s.dll.embed.manifest.res
f:\project\激光振镜网口卡429\panel代码vs2010工程fpga\bin\eth0416s.res
d:\project\激光振镜网口卡429\panel代码vs2010工程fpga\bin\eth0416s.res
d:\project\激光振镜网口卡429\panel代码vs2010工程fpga\bin\vc140.pdb
d:\project\激光振镜网口卡429\panel代码vs2010工程fpga\bin\eth0416s.pdb
d:\project\激光振镜网口卡429\panel代码vs2010工程fpga\bin\eth0416s.vcxprojresolveassemblyreference.cache
d:\project\激光振镜网口卡429\panel代码vs2010工程fpga\bin\cl.command.1.tlog
d:\project\激光振镜网口卡429\panel代码vs2010工程fpga\bin\cl.read.1.tlog
d:\project\激光振镜网口卡429\panel代码vs2010工程fpga\bin\cl.write.1.tlog
d:\project\激光振镜网口卡429\panel代码vs2010工程fpga\bin\eth0416s.write.1.tlog
d:\project\激光振镜网口卡429\panel代码vs2010工程fpga\bin\link-cvtres.read.1.tlog
d:\project\激光振镜网口卡429\panel代码vs2010工程fpga\bin\link-cvtres.write.1.tlog
d:\project\激光振镜网口卡429\panel代码vs2010工程fpga\bin\link.command.1.tlog
d:\project\激光振镜网口卡429\panel代码vs2010工程fpga\bin\link.read.1.tlog
d:\project\激光振镜网口卡429\panel代码vs2010工程fpga\bin\link.write.1.tlog
d:\project\激光振镜网口卡429\panel代码vs2010工程fpga\bin\mt.command.1.tlog
d:\project\激光振镜网口卡429\panel代码vs2010工程fpga\bin\mt.read.1.tlog
d:\project\激光振镜网口卡429\panel代码vs2010工程fpga\bin\mt.write.1.tlog
d:\project\激光振镜网口卡429\panel代码vs2010工程fpga\bin\rc.command.1.tlog
d:\project\激光振镜网口卡429\panel代码vs2010工程fpga\bin\rc.read.1.tlog
d:\project\激光振镜网口卡429\panel代码vs2010工程fpga\bin\rc.write.1.tlog
d:\project\激光振镜网口卡429\panel代码vs2010工程fpga\bin\eth0416s.dll.embed.manifest
d:\project\激光振镜网口卡429\panel代码vs2010工程fpga\bin\eth0416s.dll.embed.manifest.res
d:\project\激光振镜网口卡429\panel代码vs2010工程fpga\bin\eth0416s_panel.pdb
d:\project\激光振镜网口卡429\panel代码vs2010工程fpga\bin\eth0416s_manifest.rc
d:\project\激光振镜网口卡429\panel代码vs2010工程fpga\src\eth0416s\.\..\..\bin\eth0416s.dll
d:\project\激光振镜网口卡429\panel代码vs2010工程fpga\src\eth0416s\.\..\..\bin\eth0416s.dll.intermediate.manifest
d:\project\激光振镜网口卡429\panel代码vs2010工程fpga\bin\eth0416s.tlog\cl.command.1.tlog
d:\project\激光振镜网口卡429\panel代码vs2010工程fpga\bin\eth0416s.tlog\cl.read.1.tlog
d:\project\激光振镜网口卡429\panel代码vs2010工程fpga\bin\eth0416s.tlog\cl.write.1.tlog
d:\project\激光振镜网口卡429\panel代码vs2010工程fpga\bin\eth0416s.tlog\eth0416s.write.1u.tlog
d:\project\激光振镜网口卡429\panel代码vs2010工程fpga\bin\eth0416s.tlog\link.command.1.tlog
d:\project\激光振镜网口卡429\panel代码vs2010工程fpga\bin\eth0416s.tlog\link.read.1.tlog
d:\project\激光振镜网口卡429\panel代码vs2010工程fpga\bin\eth0416s.tlog\link.write.1.tlog
d:\project\激光振镜网口卡429\panel代码vs2010工程fpga\bin\eth0416s.tlog\rc.command.1.tlog
d:\project\激光振镜网口卡429\panel代码vs2010工程fpga\bin\eth0416s.tlog\rc.read.1.tlog
d:\project\激光振镜网口卡429\panel代码vs2010工程fpga\bin\eth0416s.tlog\rc.write.1.tlog
d:\project\激光振镜网口卡429\panel代码vs2010工程fpga\bin\eth0416s.tlog\.\..\..\bin\eth0416s.pdb
