d:\project\激光振镜网口卡429\panel代码vs2010工程fpga\src\eth0416s_panel\release\eth0416s_panel.pch
d:\project\激光振镜网口卡429\panel代码vs2010工程fpga\src\eth0416s_panel\release\vc140.pdb
d:\project\激光振镜网口卡429\panel代码vs2010工程fpga\src\eth0416s_panel\release\stdafx.obj
d:\project\激光振镜网口卡429\panel代码vs2010工程fpga\src\eth0416s_panel\release\xshadebutton.obj
d:\project\激光振镜网口卡429\panel代码vs2010工程fpga\src\eth0416s_panel\release\pictureex.obj
d:\project\激光振镜网口卡429\panel代码vs2010工程fpga\src\eth0416s_panel\release\motionpanel.obj
d:\project\激光振镜网口卡429\panel代码vs2010工程fpga\src\eth0416s_panel\release\eth0416s_panel.obj
d:\project\激光振镜网口卡429\panel代码vs2010工程fpga\src\eth0416s_panel\release\dlgipsetting.obj
d:\project\激光振镜网口卡429\panel代码vs2010工程fpga\src\eth0416s_panel\release\dialogtargetip.obj
d:\project\激光振镜网口卡429\panel代码vs2010工程fpga\src\eth0416s_panel\release\dialogparameters.obj
d:\project\激光振镜网口卡429\panel代码vs2010工程fpga\src\eth0416s_panel\release\dialogdebug.obj
d:\project\激光振镜网口卡429\panel代码vs2010工程fpga\src\eth0416s_panel\release\coloredit.obj
e:\code\yrjgolvometer\panel代码vs2010工程fpga - 客户\src\eth0416s_panel\release\eth0416s_panel.pch
e:\code\yrjgolvometer\panel代码vs2010工程fpga - 客户\src\eth0416s_panel\release\vc142.pdb
e:\code\yrjgolvometer\panel代码vs2010工程fpga - 客户\src\eth0416s_panel\release\stdafx.obj
e:\code\yrjgolvometer\panel代码vs2010工程fpga - 客户\src\eth0416s_panel\release\xshadebutton.obj
e:\code\yrjgolvometer\panel代码vs2010工程fpga - 客户\src\eth0416s_panel\release\pictureex.obj
e:\code\yrjgolvometer\panel代码vs2010工程fpga - 客户\src\eth0416s_panel\release\motionpanel.obj
e:\code\yrjgolvometer\panel代码vs2010工程fpga - 客户\src\eth0416s_panel\release\eth0416s_panel.obj
e:\code\yrjgolvometer\panel代码vs2010工程fpga - 客户\src\eth0416s_panel\release\dlgipsetting.obj
e:\code\yrjgolvometer\panel代码vs2010工程fpga - 客户\src\eth0416s_panel\release\dialogtargetip.obj
e:\code\yrjgolvometer\panel代码vs2010工程fpga - 客户\src\eth0416s_panel\release\dialogparameters.obj
e:\code\yrjgolvometer\panel代码vs2010工程fpga - 客户\src\eth0416s_panel\release\dialogdebug.obj
e:\code\yrjgolvometer\panel代码vs2010工程fpga - 客户\src\eth0416s_panel\release\coloredit.obj
d:\project\激光振镜网口卡429\panel代码vs2010工程fpga\bin\eth0416s_panel.exe
d:\project\激光振镜网口卡429\panel代码vs2010工程fpga\bin\eth0416s_panel.pdb
e:\code\yrjgolvometer\panel代码vs2010工程fpga - 客户\bin\eth0416s_panel.exe
e:\code\yrjgolvometer\panel代码vs2010工程fpga - 客户\bin\eth0416s_panel.pdb
d:\project\激光振镜网口卡429\panel代码vs2010工程fpga\src\eth0416s_panel\release\eth0416s_panel.res
e:\code\yrjgolvometer\panel代码vs2010工程fpga - 客户\src\eth0416s_panel\release\eth0416s_panel.res
e:\code\yrjgolvometer\panel代码vs2010工程fpga - 客户\src\eth0416s_panel\release\vc140.pdb
e:\code\yrjgolvometer\panel代码vs2010工程fpga - 客户\src\eth0416s_panel\release\eth0416s_panel.tlog\cl.command.1.tlog
e:\code\yrjgolvometer\panel代码vs2010工程fpga - 客户\src\eth0416s_panel\release\eth0416s_panel.tlog\cl.read.1.tlog
e:\code\yrjgolvometer\panel代码vs2010工程fpga - 客户\src\eth0416s_panel\release\eth0416s_panel.tlog\cl.write.1.tlog
e:\code\yrjgolvometer\panel代码vs2010工程fpga - 客户\src\eth0416s_panel\release\eth0416s_panel.tlog\link.command.1.tlog
e:\code\yrjgolvometer\panel代码vs2010工程fpga - 客户\src\eth0416s_panel\release\eth0416s_panel.tlog\link.read.1.tlog
e:\code\yrjgolvometer\panel代码vs2010工程fpga - 客户\src\eth0416s_panel\release\eth0416s_panel.tlog\link.write.1.tlog
e:\code\yrjgolvometer\panel代码vs2010工程fpga - 客户\src\eth0416s_panel\release\eth0416s_panel.tlog\rc.command.1.tlog
e:\code\yrjgolvometer\panel代码vs2010工程fpga - 客户\src\eth0416s_panel\release\eth0416s_panel.tlog\rc.read.1.tlog
e:\code\yrjgolvometer\panel代码vs2010工程fpga - 客户\src\eth0416s_panel\release\eth0416s_panel.tlog\rc.write.1.tlog
