e:\code\yrjgolvometer\panel代码vs2010工程fpga - 客户\debug\eth0416s_panel.bsc
e:\code\yrjgolvometer\panel代码vs2010工程fpga - 客户\src\eth0416s_panel\debug\eth0416s_panel.pch
e:\code\yrjgolvometer\panel代码vs2010工程fpga - 客户\src\eth0416s_panel\debug\vc142.pdb
e:\code\yrjgolvometer\panel代码vs2010工程fpga - 客户\src\eth0416s_panel\debug\vc142.idb
e:\code\yrjgolvometer\panel代码vs2010工程fpga - 客户\src\eth0416s_panel\debug\stdafx.sbr
e:\code\yrjgolvometer\panel代码vs2010工程fpga - 客户\src\eth0416s_panel\debug\stdafx.obj
e:\code\yrjgolvometer\panel代码vs2010工程fpga - 客户\src\eth0416s_panel\debug\xshadebutton.sbr
e:\code\yrjgolvometer\panel代码vs2010工程fpga - 客户\src\eth0416s_panel\debug\pictureex.sbr
e:\code\yrjgolvometer\panel代码vs2010工程fpga - 客户\src\eth0416s_panel\debug\eth0416s_panel.sbr
e:\code\yrjgolvometer\panel代码vs2010工程fpga - 客户\src\eth0416s_panel\debug\drawpath.sbr
e:\code\yrjgolvometer\panel代码vs2010工程fpga - 客户\src\eth0416s_panel\debug\dlgipsetting.sbr
e:\code\yrjgolvometer\panel代码vs2010工程fpga - 客户\src\eth0416s_panel\debug\dialogtargetip.sbr
e:\code\yrjgolvometer\panel代码vs2010工程fpga - 客户\src\eth0416s_panel\debug\dialogparameters.sbr
e:\code\yrjgolvometer\panel代码vs2010工程fpga - 客户\src\eth0416s_panel\debug\dialogdebug.sbr
e:\code\yrjgolvometer\panel代码vs2010工程fpga - 客户\src\eth0416s_panel\debug\coloredit.sbr
e:\code\yrjgolvometer\panel代码vs2010工程fpga - 客户\src\eth0416s_panel\debug\coloredit.obj
e:\code\yrjgolvometer\panel代码vs2010工程fpga - 客户\src\eth0416s_panel\debug\dialogdebug.obj
e:\code\yrjgolvometer\panel代码vs2010工程fpga - 客户\src\eth0416s_panel\debug\dialogparameters.obj
e:\code\yrjgolvometer\panel代码vs2010工程fpga - 客户\src\eth0416s_panel\debug\dialogtargetip.obj
e:\code\yrjgolvometer\panel代码vs2010工程fpga - 客户\src\eth0416s_panel\debug\dlgipsetting.obj
e:\code\yrjgolvometer\panel代码vs2010工程fpga - 客户\src\eth0416s_panel\debug\drawpath.obj
e:\code\yrjgolvometer\panel代码vs2010工程fpga - 客户\src\eth0416s_panel\debug\eth0416s_panel.obj
e:\code\yrjgolvometer\panel代码vs2010工程fpga - 客户\src\eth0416s_panel\debug\pictureex.obj
e:\code\yrjgolvometer\panel代码vs2010工程fpga - 客户\src\eth0416s_panel\debug\xshadebutton.obj
e:\code\yrjgolvometer\panel代码vs2010工程fpga - 客户\src\eth0416s_panel\debug\motionpanel.sbr
e:\code\yrjgolvometer\panel代码vs2010工程fpga - 客户\src\eth0416s_panel\debug\motionpanel.obj
e:\code\yrjgolvometer\panel代码vs2010工程fpga - 客户\bin\eth0416s_panel.ilk
e:\code\yrjgolvometer\panel代码vs2010工程fpga - 客户\bin\eth0416s_panel.exe
e:\code\yrjgolvometer\panel代码vs2010工程fpga - 客户\bin\eth0416s_panel.pdb
e:\code\yrjgolvometer\panel代码vs2010工程fpga - 客户\src\eth0416s_panel\debug\eth0416s_panel.res
e:\code\yrjgolvometer\panel代码vs2010工程fpga - 客户\src\eth0416s_panel\../../bin/eth0416s_panel.exe
e:\code\yrjgolvometer\panel代码vs2010工程fpga - 客户\src\eth0416s_panel\debug\eth0416s_panel.tlog\bscmake.command.1.tlog
e:\code\yrjgolvometer\panel代码vs2010工程fpga - 客户\src\eth0416s_panel\debug\eth0416s_panel.tlog\bscmake.read.1.tlog
e:\code\yrjgolvometer\panel代码vs2010工程fpga - 客户\src\eth0416s_panel\debug\eth0416s_panel.tlog\bscmake.write.1.tlog
e:\code\yrjgolvometer\panel代码vs2010工程fpga - 客户\src\eth0416s_panel\debug\eth0416s_panel.tlog\cl.command.1.tlog
e:\code\yrjgolvometer\panel代码vs2010工程fpga - 客户\src\eth0416s_panel\debug\eth0416s_panel.tlog\cl.read.1.tlog
e:\code\yrjgolvometer\panel代码vs2010工程fpga - 客户\src\eth0416s_panel\debug\eth0416s_panel.tlog\cl.write.1.tlog
e:\code\yrjgolvometer\panel代码vs2010工程fpga - 客户\src\eth0416s_panel\debug\eth0416s_panel.tlog\link.command.1.tlog
e:\code\yrjgolvometer\panel代码vs2010工程fpga - 客户\src\eth0416s_panel\debug\eth0416s_panel.tlog\link.read.1.tlog
e:\code\yrjgolvometer\panel代码vs2010工程fpga - 客户\src\eth0416s_panel\debug\eth0416s_panel.tlog\link.write.1.tlog
e:\code\yrjgolvometer\panel代码vs2010工程fpga - 客户\src\eth0416s_panel\debug\eth0416s_panel.tlog\rc.command.1.tlog
e:\code\yrjgolvometer\panel代码vs2010工程fpga - 客户\src\eth0416s_panel\debug\eth0416s_panel.tlog\rc.read.1.tlog
e:\code\yrjgolvometer\panel代码vs2010工程fpga - 客户\src\eth0416s_panel\debug\eth0416s_panel.tlog\rc.write.1.tlog
